<?xml version="1.0" encoding="UTF-8"?>
<!-- Generated by org.testng.reporters.JUnitReportReporter -->
<testsuite hostname="quyentx-w7" name="com.vsii.tsc.guru.testcase.TestDownloadUpload" tests="1" failures="0" timestamp="22 Mar 2016 03:55:44 GMT" time="29.528" errors="0">
  <testcase name="OpenURL" time="29.528" classname="com.vsii.tsc.guru.testcase.TestDownloadUpload"/>
</testsuite> <!-- com.vsii.tsc.guru.testcase.TestDownloadUpload -->
