<?xml version="1.0" encoding="UTF-8"?>
<!-- Generated by org.testng.reporters.JUnitReportReporter -->
<testsuite hostname="trangntt-PC" name="com.vsii.tsc.guru.testcase.Login" tests="4" failures="0" timestamp="9 Dec 2015 10:08:00 GMT" time="18.139" errors="0">
  <testcase name="TC_01" time="3.984" classname="com.vsii.tsc.guru.testcase.Login"/>
  <testcase name="TC_01" time="3.636" classname="com.vsii.tsc.guru.testcase.Login"/>
  <testcase name="TC_01" time="3.247" classname="com.vsii.tsc.guru.testcase.Login"/>
  <testcase name="TC_01" time="7.272" classname="com.vsii.tsc.guru.testcase.Login"/>
</testsuite> <!-- com.vsii.tsc.guru.testcase.Login -->
