<?xml version="1.0" encoding="UTF-8"?>
<!-- Generated by org.testng.reporters.JUnitReportReporter -->
<testsuite hostname="trangntt-PC" name="com.vsii.tsc.guru.testcase.Login" tests="5" failures="0" timestamp="22 Dec 2015 10:09:02 GMT" time="17.049" errors="0">
  <testcase name="TC02" time="4.173" classname="com.vsii.tsc.guru.testcase.Login"/>
  <testcase name="TC02" time="4.571" classname="com.vsii.tsc.guru.testcase.Login"/>
  <testcase name="TC01" time="0.501" classname="com.vsii.tsc.guru.testcase.Login"/>
  <testcase name="TC02" time="4.751" classname="com.vsii.tsc.guru.testcase.Login"/>
  <testcase name="TC02" time="3.053" classname="com.vsii.tsc.guru.testcase.Login"/>
</testsuite> <!-- com.vsii.tsc.guru.testcase.Login -->
