<?xml version="1.0" encoding="UTF-8"?>
<!-- Generated by org.testng.reporters.JUnitReportReporter -->
<testsuite hostname="trangntt-w7" name="com.vsii.tsc.guru.testcase.SimpleTest" tests="2" failures="0" timestamp="1 Mar 2016 06:25:44 GMT" time="0.023" errors="0">
  <testcase name="testMethod02" time="0.011" classname="com.vsii.tsc.guru.testcase.SimpleTest"/>
  <testcase name="testMethod" time="0.012" classname="com.vsii.tsc.guru.testcase.SimpleTest"/>
</testsuite> <!-- com.vsii.tsc.guru.testcase.SimpleTest -->
