<?xml version="1.0" encoding="UTF-8"?>
<!-- Generated by org.testng.reporters.JUnitReportReporter -->
<testsuite hostname="trangntt-PC" name="com.vsii.tsc.guru.testcase.TestDownloadUpload" tests="1" failures="0" timestamp="7 Jan 2016 08:08:03 GMT" time="31.696" errors="0">
  <testcase name="OpenURL" time="31.696" classname="com.vsii.tsc.guru.testcase.TestDownloadUpload"/>
</testsuite> <!-- com.vsii.tsc.guru.testcase.TestDownloadUpload -->
