<?xml version="1.0" encoding="UTF-8"?>
<!-- Generated by org.testng.reporters.JUnitReportReporter -->
<testsuite hostname="quyentx-w7" name="com.vsii.tsc.guru.testcase.WebService" tests="5" failures="0" timestamp="29 Mar 2016 04:28:27 GMT" time="88.280" errors="0">
  <testcase name="W02" time="12.151" classname="com.vsii.tsc.guru.testcase.WebService"/>
  <testcase name="W05" time="26.958" classname="com.vsii.tsc.guru.testcase.WebService"/>
  <testcase name="W01" time="34.269" classname="com.vsii.tsc.guru.testcase.WebService"/>
  <testcase name="W03" time="6.207" classname="com.vsii.tsc.guru.testcase.WebService"/>
  <testcase name="W04" time="8.695" classname="com.vsii.tsc.guru.testcase.WebService"/>
</testsuite> <!-- com.vsii.tsc.guru.testcase.WebService -->
