<?xml version="1.0" encoding="UTF-8"?>
<!-- Generated by org.testng.reporters.JUnitReportReporter -->
<testsuite hostname="trangntt-PC" name="com.vsii.tsc.guru.testcase.Login" tests="5" failures="0" timestamp="21 Dec 2015 10:12:12 GMT" time="16.229" errors="0">
  <testcase name="TC02" time="6.775" classname="com.vsii.tsc.guru.testcase.Login"/>
  <testcase name="TC02" time="2.195" classname="com.vsii.tsc.guru.testcase.Login"/>
  <testcase name="TC01" time="0.449" classname="com.vsii.tsc.guru.testcase.Login"/>
  <testcase name="TC02" time="2.559" classname="com.vsii.tsc.guru.testcase.Login"/>
  <testcase name="TC02" time="4.251" classname="com.vsii.tsc.guru.testcase.Login"/>
</testsuite> <!-- com.vsii.tsc.guru.testcase.Login -->
