<?xml version="1.0" encoding="UTF-8"?>
<!-- Generated by org.testng.reporters.JUnitReportReporter -->
<testsuite hostname="trangntt-PC" name="com.vsii.tsc.guru.testcase.NewCustomer" tests="2" failures="0" timestamp="26 Nov 2015 04:38:05 GMT" time="6.763" errors="0">
  <testcase name="TC_02" time="5.241" classname="com.vsii.tsc.guru.testcase.NewCustomer"/>
  <testcase name="Login" time="1.522" classname="com.vsii.tsc.guru.testcase.NewCustomer"/>
</testsuite> <!-- com.vsii.tsc.guru.testcase.NewCustomer -->
