<?xml version="1.0" encoding="UTF-8"?>
<!-- Generated by org.testng.reporters.JUnitReportReporter -->
<testsuite hostname="quyentx-w7" name="com.vsii.tsc.guru.testcase.WebService" tests="3" failures="0" timestamp="26 Mar 2016 06:03:09 GMT" time="67.481" errors="0">
  <testcase name="W02" time="22.071" classname="com.vsii.tsc.guru.testcase.WebService"/>
  <testcase name="W01" time="35.462" classname="com.vsii.tsc.guru.testcase.WebService"/>
  <testcase name="W03" time="9.948" classname="com.vsii.tsc.guru.testcase.WebService"/>
</testsuite> <!-- com.vsii.tsc.guru.testcase.WebService -->
