<?xml version="1.0" encoding="UTF-8"?>
<!-- Generated by org.testng.reporters.JUnitReportReporter -->
<testsuite hostname="trangntt-PC" name="com.vsii.tsc.guru.testcase.TestDownloadUpload" tests="1" failures="0" timestamp="6 Jan 2016 07:23:40 GMT" time="32.321" errors="0">
  <testcase name="OpenURL" time="32.321" classname="com.vsii.tsc.guru.testcase.TestDownloadUpload"/>
</testsuite> <!-- com.vsii.tsc.guru.testcase.TestDownloadUpload -->
