<?xml version="1.0" encoding="UTF-8"?>
<!-- Generated by org.testng.reporters.JUnitReportReporter -->
<testsuite hostname="trangntt-PC" name="com.vsii.tsc.guru.testcase.SimpleTest" tests="2" failures="0" timestamp="22 Dec 2015 04:41:43 GMT" time="0.020" errors="0">
  <testcase name="simpleTest" time="0.002" classname="com.vsii.tsc.guru.testcase.SimpleTest"/>
  <testcase name="simpleTest" time="0.018" classname="com.vsii.tsc.guru.testcase.SimpleTest"/>
</testsuite> <!-- com.vsii.tsc.guru.testcase.SimpleTest -->
