<?xml version="1.0" encoding="UTF-8"?>
<!-- Generated by org.testng.reporters.JUnitReportReporter -->
<testsuite hostname="quyentx-w7" name="com.vsii.tsc.guru.testcase.SimpleTest" tests="2" failures="0" timestamp="22 Mar 2016 03:55:44 GMT" time="0.002" errors="0">
  <testcase name="testMethod01" time="0.001" classname="com.vsii.tsc.guru.testcase.SimpleTest"/>
  <testcase name="testMethod02" time="0.001" classname="com.vsii.tsc.guru.testcase.SimpleTest"/>
</testsuite> <!-- com.vsii.tsc.guru.testcase.SimpleTest -->
